<!DOCTYPE html PUBLIC "-//W3C//DTD XHTML 1.1//EN" "http://www.w3.org/TR/xhtml11/DTD/xhtml11.dtd">
<html xmlns="http://www.w3.org/1999/xhtml"><head><title>TestNG Report</title><style type="text/css">table {margin-bottom:10px;border-collapse:collapse;empty-cells:show}th,td {border:1px solid #009;padding:.25em .5em}th {vertical-align:bottom}td {vertical-align:top}table a {font-weight:bold}.stripe td {background-color: #E6EBF9}.num {text-align:right}.passedodd td {background-color: #3F3}.passedeven td {background-color: #0A0}.skippedodd td {background-color: #DDD}.skippedeven td {background-color: #CCC}.failedodd td,.attn {background-color: #F33}.failedeven td,.stripe .attn {background-color: #D00}.stacktrace {white-space:pre;font-family:monospace}.totop {font-size:85%;text-align:center;border-bottom:2px solid #000}</style></head><body><table><tr><th>Test</th><th># Passed</th><th># Skipped</th><th># Failed</th><th>Time (ms)</th><th>Included Groups</th><th>Excluded Groups</th></tr><tr><th colspan="7">Command line suite</th></tr><tr><td><a href="#t0">Command line test</a></td><td class="num">0</td><td class="num attn">12</td><td class="num">0</td><td class="num">7,074</td><td></td><td></td></tr></table><table><thead><tr><th>Class</th><th>Method</th><th>Start</th><th>Time (ms)</th></tr></thead><tbody><tr><th colspan="4">Command line suite</th></tr></tbody><tbody id="t0"><tr><th colspan="4">Command line test &#8212; failed (configuration methods)</th></tr><tr class="failedeven"><td rowspan="1">com.crm.qa.test.ContactsPageTest</td><td><a href="#m0">setUp</a></td><td rowspan="1">1584213655355</td><td rowspan="1">0</td></tr><tr class="failedodd"><td rowspan="1">com.crm.qa.test.HomePageTest</td><td><a href="#m1">setUp</a></td><td rowspan="1">1584213658670</td><td rowspan="1">0</td></tr><tr class="failedeven"><td rowspan="1">com.crm.qa.test.LoginPageTest</td><td><a href="#m2">setUp</a></td><td rowspan="1">1584213659994</td><td rowspan="1">0</td></tr><tr><th colspan="4">Command line test &#8212; skipped (configuration methods)</th></tr><tr class="skippedeven"><td rowspan="11">com.crm.qa.test.ContactsPageTest</td><td><a href="#m3">setUp</a></td><td rowspan="5">1584213661497</td><td rowspan="5">0</td></tr><tr class="skippedeven"><td><a href="#m4">setUp</a></td></tr><tr class="skippedeven"><td><a href="#m5">setUp</a></td></tr><tr class="skippedeven"><td><a href="#m6">setUp</a></td></tr><tr class="skippedeven"><td><a href="#m7">setUp</a></td></tr><tr class="skippedeven"><td><a href="#m8">tearDown</a></td><td rowspan="6">1584213662401</td><td rowspan="6">0</td></tr><tr class="skippedeven"><td><a href="#m9">tearDown</a></td></tr><tr class="skippedeven"><td><a href="#m10">tearDown</a></td></tr><tr class="skippedeven"><td><a href="#m11">tearDown</a></td></tr><tr class="skippedeven"><td><a href="#m12">tearDown</a></td></tr><tr class="skippedeven"><td><a href="#m13">tearDown</a></td></tr><tr class="skippedodd"><td rowspan="5">com.crm.qa.test.HomePageTest</td><td><a href="#m14">setUp</a></td><td rowspan="2">1584213661501</td><td rowspan="2">4</td></tr><tr class="skippedodd"><td><a href="#m15">setUp</a></td></tr><tr class="skippedodd"><td><a href="#m16">tearDown</a></td><td rowspan="3">1584213661505</td><td rowspan="3">0</td></tr><tr class="skippedodd"><td><a href="#m17">tearDown</a></td></tr><tr class="skippedodd"><td><a href="#m18">tearDown</a></td></tr><tr class="skippedeven"><td rowspan="5">com.crm.qa.test.LoginPageTest</td><td><a href="#m19">setUp</a></td><td rowspan="2">1584213661505</td><td rowspan="2">0</td></tr><tr class="skippedeven"><td><a href="#m20">setUp</a></td></tr><tr class="skippedeven"><td><a href="#m21">tearDown</a></td><td rowspan="3">1584213661509</td><td rowspan="3">0</td></tr><tr class="skippedeven"><td><a href="#m22">tearDown</a></td></tr><tr class="skippedeven"><td><a href="#m23">tearDown</a></td></tr><tr><th colspan="4">Command line test &#8212; skipped</th></tr><tr class="skippedeven"><td rowspan="6">com.crm.qa.test.ContactsPageTest</td><td><a href="#m24">selectMultipleContactsByNameTest</a></td><td rowspan="1">1584213661501</td><td rowspan="1">0</td></tr><tr class="skippedeven"><td><a href="#m25">selectSingleContactsByNameTest</a></td><td rowspan="1">1584213661497</td><td rowspan="1">0</td></tr><tr class="skippedeven"><td><a href="#m26">validateCreateNewContact</a></td><td rowspan="3">1584213662401</td><td rowspan="3">0</td></tr><tr class="skippedeven"><td><a href="#m27">validateCreateNewContact</a></td></tr><tr class="skippedeven"><td><a href="#m28">validateCreateNewContact</a></td></tr><tr class="skippedeven"><td><a href="#m29">verifyContactsLabel</a></td><td rowspan="1">1584213658666</td><td rowspan="1">4</td></tr><tr class="skippedodd"><td rowspan="3">com.crm.qa.test.HomePageTest</td><td><a href="#m30">verifyContactslinkTest</a></td><td rowspan="1">1584213661505</td><td rowspan="1">0</td></tr><tr class="skippedodd"><td><a href="#m31">verifyHomePageTitle</a></td><td rowspan="1">1584213659990</td><td rowspan="1">0</td></tr><tr class="skippedodd"><td><a href="#m32">verifyUserNameTest</a></td><td rowspan="1">1584213661497</td><td rowspan="1">4</td></tr><tr class="skippedeven"><td rowspan="3">com.crm.qa.test.LoginPageTest</td><td><a href="#m33">crmLogoImageTest</a></td><td rowspan="1">1584213661501</td><td rowspan="1">0</td></tr><tr class="skippedeven"><td><a href="#m34">loginPageTitleTest</a></td><td rowspan="1">1584213661497</td><td rowspan="1">0</td></tr><tr class="skippedeven"><td><a href="#m35">loginTest</a></td><td rowspan="1">1584213661505</td><td rowspan="1">4</td></tr></tbody></table><h2>Command line test</h2><h3 id="m0">com.crm.qa.test.ContactsPageTest#setUp</h3><table class="result"><tr><th>Exception</th></tr><tr><td><div class="stacktrace">org.openqa.selenium.SessionNotCreatedException: session not created: This version of ChromeDriver only supports Chrome version 78
Build info: version: &apos;3.141.59&apos;, revision: &apos;e82be7d358&apos;, time: &apos;2018-11-14T08:17:03&apos;
System info: host: &apos;DESKTOP-KU574QB&apos;, ip: &apos;192.168.1.164&apos;, os.name: &apos;Windows 10&apos;, os.arch: &apos;amd64&apos;, os.version: &apos;10.0&apos;, java.version: &apos;1.8.0_231&apos;
Driver info: driver.version: ChromeDriver
remote stacktrace: Backtrace:
	Ordinal0 [0x0086A923+1550627]
	Ordinal0 [0x007EA731+1025841]
	Ordinal0 [0x0076C715+509717]
	Ordinal0 [0x006FFC68+64616]
	Ordinal0 [0x006FC594+50580]
	Ordinal0 [0x0071ACE7+175335]
	Ordinal0 [0x0071A8ED+174317]
	Ordinal0 [0x00718CDB+167131]
	Ordinal0 [0x0070144A+70730]
	Ordinal0 [0x007024D0+74960]
	Ordinal0 [0x00702469+74857]
	Ordinal0 [0x008042F7+1131255]
	GetHandleVerifier [0x0090711D+523789]
	GetHandleVerifier [0x00906EB0+523168]
	GetHandleVerifier [0x0090E207+552695]
	GetHandleVerifier [0x0090791A+525834]
	Ordinal0 [0x007FB82C+1095724]
	Ordinal0 [0x0080636B+1139563]
	Ordinal0 [0x008064D3+1139923]
	Ordinal0 [0x00805455+1135701]
	BaseThreadInitThunk [0x76F36359+25]
	RtlGetAppContainerNamedObjectPath [0x77BE7B74+228]
	RtlGetAppContainerNamedObjectPath [0x77BE7B44+180]

	at org.openqa.selenium.remote.W3CHandshakeResponse.lambda$errorHandler$0(W3CHandshakeResponse.java:62)
	at org.openqa.selenium.remote.HandshakeResponse.lambda$getResponseFunction$0(HandshakeResponse.java:30)
	at org.openqa.selenium.remote.ProtocolHandshake.lambda$createSession$0(ProtocolHandshake.java:126)
	at java.util.stream.ReferencePipeline$3$1.accept(ReferencePipeline.java:193)
	at java.util.Spliterators$ArraySpliterator.tryAdvance(Spliterators.java:958)
	at java.util.stream.ReferencePipeline.forEachWithCancel(ReferencePipeline.java:126)
	at java.util.stream.AbstractPipeline.copyIntoWithCancel(AbstractPipeline.java:499)
	at java.util.stream.AbstractPipeline.copyInto(AbstractPipeline.java:486)
	at java.util.stream.AbstractPipeline.wrapAndCopyInto(AbstractPipeline.java:472)
	at java.util.stream.FindOps$FindOp.evaluateSequential(FindOps.java:152)
	at java.util.stream.AbstractPipeline.evaluate(AbstractPipeline.java:234)
	at java.util.stream.ReferencePipeline.findFirst(ReferencePipeline.java:464)
	at org.openqa.selenium.remote.ProtocolHandshake.createSession(ProtocolHandshake.java:128)
	at org.openqa.selenium.remote.ProtocolHandshake.createSession(ProtocolHandshake.java:74)
	at org.openqa.selenium.remote.HttpCommandExecutor.execute(HttpCommandExecutor.java:136)
	at org.openqa.selenium.remote.service.DriverCommandExecutor.execute(DriverCommandExecutor.java:83)
	at org.openqa.selenium.remote.RemoteWebDriver.execute(RemoteWebDriver.java:552)
	at org.openqa.selenium.remote.RemoteWebDriver.startSession(RemoteWebDriver.java:213)
	at org.openqa.selenium.remote.RemoteWebDriver.&lt;init&gt;(RemoteWebDriver.java:131)
	at org.openqa.selenium.chrome.ChromeDriver.&lt;init&gt;(ChromeDriver.java:181)
	at org.openqa.selenium.chrome.ChromeDriver.&lt;init&gt;(ChromeDriver.java:168)
	at org.openqa.selenium.chrome.ChromeDriver.&lt;init&gt;(ChromeDriver.java:123)
	at com.crm.qa.base.TestBase.initialization(TestBase.java:65)
	at com.crm.qa.test.ContactsPageTest.setUp(ContactsPageTest.java:32)
... Removed 40 stack frames</div></td></tr></table><p class="totop"><a href="#summary">back to summary</a></p><h3 id="m1">com.crm.qa.test.HomePageTest#setUp</h3><table class="result"><tr><th>Exception</th></tr><tr><td><div class="stacktrace">org.openqa.selenium.SessionNotCreatedException: session not created: This version of ChromeDriver only supports Chrome version 78
Build info: version: &apos;3.141.59&apos;, revision: &apos;e82be7d358&apos;, time: &apos;2018-11-14T08:17:03&apos;
System info: host: &apos;DESKTOP-KU574QB&apos;, ip: &apos;192.168.1.164&apos;, os.name: &apos;Windows 10&apos;, os.arch: &apos;amd64&apos;, os.version: &apos;10.0&apos;, java.version: &apos;1.8.0_231&apos;
Driver info: driver.version: ChromeDriver
remote stacktrace: Backtrace:
	Ordinal0 [0x0086A923+1550627]
	Ordinal0 [0x007EA731+1025841]
	Ordinal0 [0x0076C715+509717]
	Ordinal0 [0x006FFC68+64616]
	Ordinal0 [0x006FC594+50580]
	Ordinal0 [0x0071ACE7+175335]
	Ordinal0 [0x0071A8ED+174317]
	Ordinal0 [0x00718CDB+167131]
	Ordinal0 [0x0070144A+70730]
	Ordinal0 [0x007024D0+74960]
	Ordinal0 [0x00702469+74857]
	Ordinal0 [0x008042F7+1131255]
	GetHandleVerifier [0x0090711D+523789]
	GetHandleVerifier [0x00906EB0+523168]
	GetHandleVerifier [0x0090E207+552695]
	GetHandleVerifier [0x0090791A+525834]
	Ordinal0 [0x007FB82C+1095724]
	Ordinal0 [0x0080636B+1139563]
	Ordinal0 [0x008064D3+1139923]
	Ordinal0 [0x00805455+1135701]
	BaseThreadInitThunk [0x76F36359+25]
	RtlGetAppContainerNamedObjectPath [0x77BE7B74+228]
	RtlGetAppContainerNamedObjectPath [0x77BE7B44+180]

	at org.openqa.selenium.remote.W3CHandshakeResponse.lambda$errorHandler$0(W3CHandshakeResponse.java:62)
	at org.openqa.selenium.remote.HandshakeResponse.lambda$getResponseFunction$0(HandshakeResponse.java:30)
	at org.openqa.selenium.remote.ProtocolHandshake.lambda$createSession$0(ProtocolHandshake.java:126)
	at java.util.stream.ReferencePipeline$3$1.accept(ReferencePipeline.java:193)
	at java.util.Spliterators$ArraySpliterator.tryAdvance(Spliterators.java:958)
	at java.util.stream.ReferencePipeline.forEachWithCancel(ReferencePipeline.java:126)
	at java.util.stream.AbstractPipeline.copyIntoWithCancel(AbstractPipeline.java:499)
	at java.util.stream.AbstractPipeline.copyInto(AbstractPipeline.java:486)
	at java.util.stream.AbstractPipeline.wrapAndCopyInto(AbstractPipeline.java:472)
	at java.util.stream.FindOps$FindOp.evaluateSequential(FindOps.java:152)
	at java.util.stream.AbstractPipeline.evaluate(AbstractPipeline.java:234)
	at java.util.stream.ReferencePipeline.findFirst(ReferencePipeline.java:464)
	at org.openqa.selenium.remote.ProtocolHandshake.createSession(ProtocolHandshake.java:128)
	at org.openqa.selenium.remote.ProtocolHandshake.createSession(ProtocolHandshake.java:74)
	at org.openqa.selenium.remote.HttpCommandExecutor.execute(HttpCommandExecutor.java:136)
	at org.openqa.selenium.remote.service.DriverCommandExecutor.execute(DriverCommandExecutor.java:83)
	at org.openqa.selenium.remote.RemoteWebDriver.execute(RemoteWebDriver.java:552)
	at org.openqa.selenium.remote.RemoteWebDriver.startSession(RemoteWebDriver.java:213)
	at org.openqa.selenium.remote.RemoteWebDriver.&lt;init&gt;(RemoteWebDriver.java:131)
	at org.openqa.selenium.chrome.ChromeDriver.&lt;init&gt;(ChromeDriver.java:181)
	at org.openqa.selenium.chrome.ChromeDriver.&lt;init&gt;(ChromeDriver.java:168)
	at org.openqa.selenium.chrome.ChromeDriver.&lt;init&gt;(ChromeDriver.java:123)
	at com.crm.qa.base.TestBase.initialization(TestBase.java:65)
	at com.crm.qa.test.HomePageTest.setUp(HomePageTest.java:30)
... Removed 40 stack frames</div></td></tr></table><p class="totop"><a href="#summary">back to summary</a></p><h3 id="m2">com.crm.qa.test.LoginPageTest#setUp</h3><table class="result"><tr><th>Exception</th></tr><tr><td><div class="stacktrace">org.openqa.selenium.SessionNotCreatedException: session not created: This version of ChromeDriver only supports Chrome version 78
Build info: version: &apos;3.141.59&apos;, revision: &apos;e82be7d358&apos;, time: &apos;2018-11-14T08:17:03&apos;
System info: host: &apos;DESKTOP-KU574QB&apos;, ip: &apos;192.168.1.164&apos;, os.name: &apos;Windows 10&apos;, os.arch: &apos;amd64&apos;, os.version: &apos;10.0&apos;, java.version: &apos;1.8.0_231&apos;
Driver info: driver.version: ChromeDriver
remote stacktrace: Backtrace:
	Ordinal0 [0x0086A923+1550627]
	Ordinal0 [0x007EA731+1025841]
	Ordinal0 [0x0076C715+509717]
	Ordinal0 [0x006FFC68+64616]
	Ordinal0 [0x006FC594+50580]
	Ordinal0 [0x0071ACE7+175335]
	Ordinal0 [0x0071A8ED+174317]
	Ordinal0 [0x00718CDB+167131]
	Ordinal0 [0x0070144A+70730]
	Ordinal0 [0x007024D0+74960]
	Ordinal0 [0x00702469+74857]
	Ordinal0 [0x008042F7+1131255]
	GetHandleVerifier [0x0090711D+523789]
	GetHandleVerifier [0x00906EB0+523168]
	GetHandleVerifier [0x0090E207+552695]
	GetHandleVerifier [0x0090791A+525834]
	Ordinal0 [0x007FB82C+1095724]
	Ordinal0 [0x0080636B+1139563]
	Ordinal0 [0x008064D3+1139923]
	Ordinal0 [0x00805455+1135701]
	BaseThreadInitThunk [0x76F36359+25]
	RtlGetAppContainerNamedObjectPath [0x77BE7B74+228]
	RtlGetAppContainerNamedObjectPath [0x77BE7B44+180]

	at org.openqa.selenium.remote.W3CHandshakeResponse.lambda$errorHandler$0(W3CHandshakeResponse.java:62)
	at org.openqa.selenium.remote.HandshakeResponse.lambda$getResponseFunction$0(HandshakeResponse.java:30)
	at org.openqa.selenium.remote.ProtocolHandshake.lambda$createSession$0(ProtocolHandshake.java:126)
	at java.util.stream.ReferencePipeline$3$1.accept(ReferencePipeline.java:193)
	at java.util.Spliterators$ArraySpliterator.tryAdvance(Spliterators.java:958)
	at java.util.stream.ReferencePipeline.forEachWithCancel(ReferencePipeline.java:126)
	at java.util.stream.AbstractPipeline.copyIntoWithCancel(AbstractPipeline.java:499)
	at java.util.stream.AbstractPipeline.copyInto(AbstractPipeline.java:486)
	at java.util.stream.AbstractPipeline.wrapAndCopyInto(AbstractPipeline.java:472)
	at java.util.stream.FindOps$FindOp.evaluateSequential(FindOps.java:152)
	at java.util.stream.AbstractPipeline.evaluate(AbstractPipeline.java:234)
	at java.util.stream.ReferencePipeline.findFirst(ReferencePipeline.java:464)
	at org.openqa.selenium.remote.ProtocolHandshake.createSession(ProtocolHandshake.java:128)
	at org.openqa.selenium.remote.ProtocolHandshake.createSession(ProtocolHandshake.java:74)
	at org.openqa.selenium.remote.HttpCommandExecutor.execute(HttpCommandExecutor.java:136)
	at org.openqa.selenium.remote.service.DriverCommandExecutor.execute(DriverCommandExecutor.java:83)
	at org.openqa.selenium.remote.RemoteWebDriver.execute(RemoteWebDriver.java:552)
	at org.openqa.selenium.remote.RemoteWebDriver.startSession(RemoteWebDriver.java:213)
	at org.openqa.selenium.remote.RemoteWebDriver.&lt;init&gt;(RemoteWebDriver.java:131)
	at org.openqa.selenium.chrome.ChromeDriver.&lt;init&gt;(ChromeDriver.java:181)
	at org.openqa.selenium.chrome.ChromeDriver.&lt;init&gt;(ChromeDriver.java:168)
	at org.openqa.selenium.chrome.ChromeDriver.&lt;init&gt;(ChromeDriver.java:123)
	at com.crm.qa.base.TestBase.initialization(TestBase.java:65)
	at com.crm.qa.test.LoginPageTest.setUp(LoginPageTest.java:25)
... Removed 40 stack frames</div></td></tr></table><p class="totop"><a href="#summary">back to summary</a></p><h3 id="m3">com.crm.qa.test.ContactsPageTest#setUp</h3><table class="result"></table><p class="totop"><a href="#summary">back to summary</a></p><h3 id="m4">com.crm.qa.test.ContactsPageTest#setUp</h3><table class="result"></table><p class="totop"><a href="#summary">back to summary</a></p><h3 id="m5">com.crm.qa.test.ContactsPageTest#setUp</h3><table class="result"></table><p class="totop"><a href="#summary">back to summary</a></p><h3 id="m6">com.crm.qa.test.ContactsPageTest#setUp</h3><table class="result"></table><p class="totop"><a href="#summary">back to summary</a></p><h3 id="m7">com.crm.qa.test.ContactsPageTest#setUp</h3><table class="result"></table><p class="totop"><a href="#summary">back to summary</a></p><h3 id="m8">com.crm.qa.test.ContactsPageTest#tearDown</h3><table class="result"></table><p class="totop"><a href="#summary">back to summary</a></p><h3 id="m9">com.crm.qa.test.ContactsPageTest#tearDown</h3><table class="result"></table><p class="totop"><a href="#summary">back to summary</a></p><h3 id="m10">com.crm.qa.test.ContactsPageTest#tearDown</h3><table class="result"></table><p class="totop"><a href="#summary">back to summary</a></p><h3 id="m11">com.crm.qa.test.ContactsPageTest#tearDown</h3><table class="result"></table><p class="totop"><a href="#summary">back to summary</a></p><h3 id="m12">com.crm.qa.test.ContactsPageTest#tearDown</h3><table class="result"></table><p class="totop"><a href="#summary">back to summary</a></p><h3 id="m13">com.crm.qa.test.ContactsPageTest#tearDown</h3><table class="result"></table><p class="totop"><a href="#summary">back to summary</a></p><h3 id="m14">com.crm.qa.test.HomePageTest#setUp</h3><table class="result"></table><p class="totop"><a href="#summary">back to summary</a></p><h3 id="m15">com.crm.qa.test.HomePageTest#setUp</h3><table class="result"></table><p class="totop"><a href="#summary">back to summary</a></p><h3 id="m16">com.crm.qa.test.HomePageTest#tearDown</h3><table class="result"></table><p class="totop"><a href="#summary">back to summary</a></p><h3 id="m17">com.crm.qa.test.HomePageTest#tearDown</h3><table class="result"></table><p class="totop"><a href="#summary">back to summary</a></p><h3 id="m18">com.crm.qa.test.HomePageTest#tearDown</h3><table class="result"></table><p class="totop"><a href="#summary">back to summary</a></p><h3 id="m19">com.crm.qa.test.LoginPageTest#setUp</h3><table class="result"></table><p class="totop"><a href="#summary">back to summary</a></p><h3 id="m20">com.crm.qa.test.LoginPageTest#setUp</h3><table class="result"></table><p class="totop"><a href="#summary">back to summary</a></p><h3 id="m21">com.crm.qa.test.LoginPageTest#tearDown</h3><table class="result"></table><p class="totop"><a href="#summary">back to summary</a></p><h3 id="m22">com.crm.qa.test.LoginPageTest#tearDown</h3><table class="result"></table><p class="totop"><a href="#summary">back to summary</a></p><h3 id="m23">com.crm.qa.test.LoginPageTest#tearDown</h3><table class="result"></table><p class="totop"><a href="#summary">back to summary</a></p><h3 id="m24">com.crm.qa.test.ContactsPageTest#selectMultipleContactsByNameTest</h3><table class="result"></table><p class="totop"><a href="#summary">back to summary</a></p><h3 id="m25">com.crm.qa.test.ContactsPageTest#selectSingleContactsByNameTest</h3><table class="result"></table><p class="totop"><a href="#summary">back to summary</a></p><h3 id="m26">com.crm.qa.test.ContactsPageTest#validateCreateNewContact</h3><table class="result"><tr class="param"><th>Parameter #1</th><th>Parameter #2</th><th>Parameter #3</th><th>Parameter #4</th></tr><tr class="param stripe"><td>Mr.</td><td>Tom</td><td>Peter</td><td>Google</td></tr></table><p class="totop"><a href="#summary">back to summary</a></p><h3 id="m27">com.crm.qa.test.ContactsPageTest#validateCreateNewContact</h3><table class="result"><tr class="param"><th>Parameter #1</th><th>Parameter #2</th><th>Parameter #3</th><th>Parameter #4</th></tr><tr class="param stripe"><td>Dr.</td><td>David</td><td>Chrish</td><td>Amazon</td></tr></table><p class="totop"><a href="#summary">back to summary</a></p><h3 id="m28">com.crm.qa.test.ContactsPageTest#validateCreateNewContact</h3><table class="result"><tr class="param"><th>Parameter #1</th><th>Parameter #2</th><th>Parameter #3</th><th>Parameter #4</th></tr><tr class="param stripe"><td>Mrs.</td><td>Varsha</td><td>Sholshe</td><td>Ebay</td></tr></table><p class="totop"><a href="#summary">back to summary</a></p><h3 id="m29">com.crm.qa.test.ContactsPageTest#verifyContactsLabel</h3><table class="result"></table><p class="totop"><a href="#summary">back to summary</a></p><h3 id="m30">com.crm.qa.test.HomePageTest#verifyContactslinkTest</h3><table class="result"></table><p class="totop"><a href="#summary">back to summary</a></p><h3 id="m31">com.crm.qa.test.HomePageTest#verifyHomePageTitle</h3><table class="result"></table><p class="totop"><a href="#summary">back to summary</a></p><h3 id="m32">com.crm.qa.test.HomePageTest#verifyUserNameTest</h3><table class="result"></table><p class="totop"><a href="#summary">back to summary</a></p><h3 id="m33">com.crm.qa.test.LoginPageTest#crmLogoImageTest</h3><table class="result"></table><p class="totop"><a href="#summary">back to summary</a></p><h3 id="m34">com.crm.qa.test.LoginPageTest#loginPageTitleTest</h3><table class="result"></table><p class="totop"><a href="#summary">back to summary</a></p><h3 id="m35">com.crm.qa.test.LoginPageTest#loginTest</h3><table class="result"></table><p class="totop"><a href="#summary">back to summary</a></p></body></html>