<?xml version="1.0" encoding="UTF-8"?>
<testng-results skipped="12" failed="0" total="12" passed="0">
  <reporter-output>
  </reporter-output>
  <suite name="Command line suite" duration-ms="7074" started-at="2020-03-14T19:20:55Z" finished-at="2020-03-14T19:21:02Z">
    <groups>
    </groups>
    <test name="Command line test" duration-ms="7074" started-at="2020-03-14T19:20:55Z" finished-at="2020-03-14T19:21:02Z">
      <class name="com.crm.qa.test.LoginPageTest">
        <test-method status="FAIL" signature="setUp()[pri:0, instance:com.crm.qa.test.LoginPageTest@5d624da6]" name="setUp" is-config="true" duration-ms="0" started-at="2020-03-14T15:20:59Z" finished-at="2020-03-14T15:20:59Z">
          <exception class="org.openqa.selenium.SessionNotCreatedException">
            <message>
              <![CDATA[session not created: This version of ChromeDriver only supports Chrome version 78
Build info: version: '3.141.59', revision: 'e82be7d358', time: '2018-11-14T08:17:03'
System info: host: 'DESKTOP-KU574QB', ip: '192.168.1.164', os.name: 'Windows 10', os.arch: 'amd64', os.version: '10.0', java.version: '1.8.0_231'
Driver info: driver.version: ChromeDriver
remote stacktrace: Backtrace:
	Ordinal0 [0x0086A923+1550627]
	Ordinal0 [0x007EA731+1025841]
	Ordinal0 [0x0076C715+509717]
	Ordinal0 [0x006FFC68+64616]
	Ordinal0 [0x006FC594+50580]
	Ordinal0 [0x0071ACE7+175335]
	Ordinal0 [0x0071A8ED+174317]
	Ordinal0 [0x00718CDB+167131]
	Ordinal0 [0x0070144A+70730]
	Ordinal0 [0x007024D0+74960]
	Ordinal0 [0x00702469+74857]
	Ordinal0 [0x008042F7+1131255]
	GetHandleVerifier [0x0090711D+523789]
	GetHandleVerifier [0x00906EB0+523168]
	GetHandleVerifier [0x0090E207+552695]
	GetHandleVerifier [0x0090791A+525834]
	Ordinal0 [0x007FB82C+1095724]
	Ordinal0 [0x0080636B+1139563]
	Ordinal0 [0x008064D3+1139923]
	Ordinal0 [0x00805455+1135701]
	BaseThreadInitThunk [0x76F36359+25]
	RtlGetAppContainerNamedObjectPath [0x77BE7B74+228]
	RtlGetAppContainerNamedObjectPath [0x77BE7B44+180]
]]>
            </message>
            <full-stacktrace>
              <![CDATA[org.openqa.selenium.SessionNotCreatedException: session not created: This version of ChromeDriver only supports Chrome version 78
Build info: version: '3.141.59', revision: 'e82be7d358', time: '2018-11-14T08:17:03'
System info: host: 'DESKTOP-KU574QB', ip: '192.168.1.164', os.name: 'Windows 10', os.arch: 'amd64', os.version: '10.0', java.version: '1.8.0_231'
Driver info: driver.version: ChromeDriver
remote stacktrace: Backtrace:
	Ordinal0 [0x0086A923+1550627]
	Ordinal0 [0x007EA731+1025841]
	Ordinal0 [0x0076C715+509717]
	Ordinal0 [0x006FFC68+64616]
	Ordinal0 [0x006FC594+50580]
	Ordinal0 [0x0071ACE7+175335]
	Ordinal0 [0x0071A8ED+174317]
	Ordinal0 [0x00718CDB+167131]
	Ordinal0 [0x0070144A+70730]
	Ordinal0 [0x007024D0+74960]
	Ordinal0 [0x00702469+74857]
	Ordinal0 [0x008042F7+1131255]
	GetHandleVerifier [0x0090711D+523789]
	GetHandleVerifier [0x00906EB0+523168]
	GetHandleVerifier [0x0090E207+552695]
	GetHandleVerifier [0x0090791A+525834]
	Ordinal0 [0x007FB82C+1095724]
	Ordinal0 [0x0080636B+1139563]
	Ordinal0 [0x008064D3+1139923]
	Ordinal0 [0x00805455+1135701]
	BaseThreadInitThunk [0x76F36359+25]
	RtlGetAppContainerNamedObjectPath [0x77BE7B74+228]
	RtlGetAppContainerNamedObjectPath [0x77BE7B44+180]

	at sun.reflect.NativeConstructorAccessorImpl.newInstance0(Native Method)
	at sun.reflect.NativeConstructorAccessorImpl.newInstance(NativeConstructorAccessorImpl.java:62)
	at sun.reflect.DelegatingConstructorAccessorImpl.newInstance(DelegatingConstructorAccessorImpl.java:45)
	at java.lang.reflect.Constructor.newInstance(Constructor.java:423)
	at org.openqa.selenium.remote.W3CHandshakeResponse.lambda$errorHandler$0(W3CHandshakeResponse.java:62)
	at org.openqa.selenium.remote.HandshakeResponse.lambda$getResponseFunction$0(HandshakeResponse.java:30)
	at org.openqa.selenium.remote.ProtocolHandshake.lambda$createSession$0(ProtocolHandshake.java:126)
	at java.util.stream.ReferencePipeline$3$1.accept(ReferencePipeline.java:193)
	at java.util.Spliterators$ArraySpliterator.tryAdvance(Spliterators.java:958)
	at java.util.stream.ReferencePipeline.forEachWithCancel(ReferencePipeline.java:126)
	at java.util.stream.AbstractPipeline.copyIntoWithCancel(AbstractPipeline.java:499)
	at java.util.stream.AbstractPipeline.copyInto(AbstractPipeline.java:486)
	at java.util.stream.AbstractPipeline.wrapAndCopyInto(AbstractPipeline.java:472)
	at java.util.stream.FindOps$FindOp.evaluateSequential(FindOps.java:152)
	at java.util.stream.AbstractPipeline.evaluate(AbstractPipeline.java:234)
	at java.util.stream.ReferencePipeline.findFirst(ReferencePipeline.java:464)
	at org.openqa.selenium.remote.ProtocolHandshake.createSession(ProtocolHandshake.java:128)
	at org.openqa.selenium.remote.ProtocolHandshake.createSession(ProtocolHandshake.java:74)
	at org.openqa.selenium.remote.HttpCommandExecutor.execute(HttpCommandExecutor.java:136)
	at org.openqa.selenium.remote.service.DriverCommandExecutor.execute(DriverCommandExecutor.java:83)
	at org.openqa.selenium.remote.RemoteWebDriver.execute(RemoteWebDriver.java:552)
	at org.openqa.selenium.remote.RemoteWebDriver.startSession(RemoteWebDriver.java:213)
	at org.openqa.selenium.remote.RemoteWebDriver.<init>(RemoteWebDriver.java:131)
	at org.openqa.selenium.chrome.ChromeDriver.<init>(ChromeDriver.java:181)
	at org.openqa.selenium.chrome.ChromeDriver.<init>(ChromeDriver.java:168)
	at org.openqa.selenium.chrome.ChromeDriver.<init>(ChromeDriver.java:123)
	at com.crm.qa.base.TestBase.initialization(TestBase.java:65)
	at com.crm.qa.test.LoginPageTest.setUp(LoginPageTest.java:25)
	at sun.reflect.NativeMethodAccessorImpl.invoke0(Native Method)
	at sun.reflect.NativeMethodAccessorImpl.invoke(NativeMethodAccessorImpl.java:62)
	at sun.reflect.DelegatingMethodAccessorImpl.invoke(DelegatingMethodAccessorImpl.java:43)
	at java.lang.reflect.Method.invoke(Method.java:498)
	at org.testng.internal.MethodInvocationHelper.invokeMethod(MethodInvocationHelper.java:86)
	at org.testng.internal.Invoker.invokeConfigurationMethod(Invoker.java:514)
	at org.testng.internal.Invoker.invokeConfigurations(Invoker.java:215)
	at org.testng.internal.Invoker.invokeMethod(Invoker.java:589)
	at org.testng.internal.Invoker.invokeTestMethod(Invoker.java:820)
	at org.testng.internal.Invoker.invokeTestMethods(Invoker.java:1128)
	at org.testng.internal.TestMethodWorker.invokeTestMethods(TestMethodWorker.java:129)
	at org.testng.internal.TestMethodWorker.run(TestMethodWorker.java:112)
	at org.testng.TestRunner.privateRun(TestRunner.java:782)
	at org.testng.TestRunner.run(TestRunner.java:632)
	at org.testng.SuiteRunner.runTest(SuiteRunner.java:366)
	at org.testng.SuiteRunner.runSequentially(SuiteRunner.java:361)
	at org.testng.SuiteRunner.privateRun(SuiteRunner.java:319)
	at org.testng.SuiteRunner.run(SuiteRunner.java:268)
	at org.testng.SuiteRunnerWorker.runSuite(SuiteRunnerWorker.java:52)
	at org.testng.SuiteRunnerWorker.run(SuiteRunnerWorker.java:86)
	at org.testng.TestNG.runSuitesSequentially(TestNG.java:1244)
	at org.testng.TestNG.runSuitesLocally(TestNG.java:1169)
	at org.testng.TestNG.run(TestNG.java:1064)
	at org.apache.maven.surefire.testng.TestNGExecutor.run(TestNGExecutor.java:77)
	at org.apache.maven.surefire.testng.TestNGDirectoryTestSuite.executeMulti(TestNGDirectoryTestSuite.java:159)
	at org.apache.maven.surefire.testng.TestNGDirectoryTestSuite.execute(TestNGDirectoryTestSuite.java:99)
	at org.apache.maven.surefire.testng.TestNGProvider.invoke(TestNGProvider.java:106)
	at sun.reflect.NativeMethodAccessorImpl.invoke0(Native Method)
	at sun.reflect.NativeMethodAccessorImpl.invoke(NativeMethodAccessorImpl.java:62)
	at sun.reflect.DelegatingMethodAccessorImpl.invoke(DelegatingMethodAccessorImpl.java:43)
	at java.lang.reflect.Method.invoke(Method.java:498)
	at org.apache.maven.surefire.util.ReflectionUtils.invokeMethodWithArray(ReflectionUtils.java:189)
	at org.apache.maven.surefire.booter.ProviderFactory$ProviderProxy.invoke(ProviderFactory.java:165)
	at org.apache.maven.surefire.booter.ProviderFactory.invokeProvider(ProviderFactory.java:85)
	at org.apache.maven.surefire.booter.ForkedBooter.runSuitesInProcess(ForkedBooter.java:115)
	at org.apache.maven.surefire.booter.ForkedBooter.main(ForkedBooter.java:75)
]]>
            </full-stacktrace>
          </exception> <!-- org.openqa.selenium.SessionNotCreatedException -->
          <reporter-output>
          </reporter-output>
        </test-method> <!-- setUp -->
        <test-method status="SKIP" signature="loginPageTitleTest()[pri:1, instance:com.crm.qa.test.LoginPageTest@5d624da6]" name="loginPageTitleTest" duration-ms="0" started-at="2020-03-14T15:21:01Z" finished-at="2020-03-14T15:21:01Z">
          <reporter-output>
          </reporter-output>
        </test-method> <!-- loginPageTitleTest -->
        <test-method status="SKIP" signature="tearDown()[pri:0, instance:com.crm.qa.test.LoginPageTest@5d624da6]" name="tearDown" is-config="true" duration-ms="0" started-at="2020-03-14T15:21:01Z" finished-at="2020-03-14T15:21:01Z">
          <reporter-output>
          </reporter-output>
        </test-method> <!-- tearDown -->
        <test-method status="SKIP" signature="crmLogoImageTest()[pri:2, instance:com.crm.qa.test.LoginPageTest@5d624da6]" name="crmLogoImageTest" duration-ms="0" started-at="2020-03-14T15:21:01Z" finished-at="2020-03-14T15:21:01Z">
          <reporter-output>
          </reporter-output>
        </test-method> <!-- crmLogoImageTest -->
        <test-method status="SKIP" signature="setUp()[pri:0, instance:com.crm.qa.test.LoginPageTest@5d624da6]" name="setUp" is-config="true" duration-ms="0" started-at="2020-03-14T15:21:01Z" finished-at="2020-03-14T15:21:01Z">
          <reporter-output>
          </reporter-output>
        </test-method> <!-- setUp -->
        <test-method status="SKIP" signature="tearDown()[pri:0, instance:com.crm.qa.test.LoginPageTest@5d624da6]" name="tearDown" is-config="true" duration-ms="0" started-at="2020-03-14T15:21:01Z" finished-at="2020-03-14T15:21:01Z">
          <reporter-output>
          </reporter-output>
        </test-method> <!-- tearDown -->
        <test-method status="SKIP" signature="loginTest()[pri:3, instance:com.crm.qa.test.LoginPageTest@5d624da6]" name="loginTest" duration-ms="4" started-at="2020-03-14T15:21:01Z" finished-at="2020-03-14T15:21:01Z">
          <reporter-output>
          </reporter-output>
        </test-method> <!-- loginTest -->
        <test-method status="SKIP" signature="setUp()[pri:0, instance:com.crm.qa.test.LoginPageTest@5d624da6]" name="setUp" is-config="true" duration-ms="0" started-at="2020-03-14T15:21:01Z" finished-at="2020-03-14T15:21:01Z">
          <reporter-output>
          </reporter-output>
        </test-method> <!-- setUp -->
        <test-method status="SKIP" signature="tearDown()[pri:0, instance:com.crm.qa.test.LoginPageTest@5d624da6]" name="tearDown" is-config="true" duration-ms="0" started-at="2020-03-14T15:21:01Z" finished-at="2020-03-14T15:21:01Z">
          <reporter-output>
          </reporter-output>
        </test-method> <!-- tearDown -->
      </class> <!-- com.crm.qa.test.LoginPageTest -->
      <class name="com.crm.qa.test.HomePageTest">
        <test-method status="FAIL" signature="setUp()[pri:0, instance:com.crm.qa.test.HomePageTest@2ef9b8bc]" name="setUp" is-config="true" duration-ms="0" started-at="2020-03-14T15:20:58Z" finished-at="2020-03-14T15:20:58Z">
          <exception class="org.openqa.selenium.SessionNotCreatedException">
            <message>
              <![CDATA[session not created: This version of ChromeDriver only supports Chrome version 78
Build info: version: '3.141.59', revision: 'e82be7d358', time: '2018-11-14T08:17:03'
System info: host: 'DESKTOP-KU574QB', ip: '192.168.1.164', os.name: 'Windows 10', os.arch: 'amd64', os.version: '10.0', java.version: '1.8.0_231'
Driver info: driver.version: ChromeDriver
remote stacktrace: Backtrace:
	Ordinal0 [0x0086A923+1550627]
	Ordinal0 [0x007EA731+1025841]
	Ordinal0 [0x0076C715+509717]
	Ordinal0 [0x006FFC68+64616]
	Ordinal0 [0x006FC594+50580]
	Ordinal0 [0x0071ACE7+175335]
	Ordinal0 [0x0071A8ED+174317]
	Ordinal0 [0x00718CDB+167131]
	Ordinal0 [0x0070144A+70730]
	Ordinal0 [0x007024D0+74960]
	Ordinal0 [0x00702469+74857]
	Ordinal0 [0x008042F7+1131255]
	GetHandleVerifier [0x0090711D+523789]
	GetHandleVerifier [0x00906EB0+523168]
	GetHandleVerifier [0x0090E207+552695]
	GetHandleVerifier [0x0090791A+525834]
	Ordinal0 [0x007FB82C+1095724]
	Ordinal0 [0x0080636B+1139563]
	Ordinal0 [0x008064D3+1139923]
	Ordinal0 [0x00805455+1135701]
	BaseThreadInitThunk [0x76F36359+25]
	RtlGetAppContainerNamedObjectPath [0x77BE7B74+228]
	RtlGetAppContainerNamedObjectPath [0x77BE7B44+180]
]]>
            </message>
            <full-stacktrace>
              <![CDATA[org.openqa.selenium.SessionNotCreatedException: session not created: This version of ChromeDriver only supports Chrome version 78
Build info: version: '3.141.59', revision: 'e82be7d358', time: '2018-11-14T08:17:03'
System info: host: 'DESKTOP-KU574QB', ip: '192.168.1.164', os.name: 'Windows 10', os.arch: 'amd64', os.version: '10.0', java.version: '1.8.0_231'
Driver info: driver.version: ChromeDriver
remote stacktrace: Backtrace:
	Ordinal0 [0x0086A923+1550627]
	Ordinal0 [0x007EA731+1025841]
	Ordinal0 [0x0076C715+509717]
	Ordinal0 [0x006FFC68+64616]
	Ordinal0 [0x006FC594+50580]
	Ordinal0 [0x0071ACE7+175335]
	Ordinal0 [0x0071A8ED+174317]
	Ordinal0 [0x00718CDB+167131]
	Ordinal0 [0x0070144A+70730]
	Ordinal0 [0x007024D0+74960]
	Ordinal0 [0x00702469+74857]
	Ordinal0 [0x008042F7+1131255]
	GetHandleVerifier [0x0090711D+523789]
	GetHandleVerifier [0x00906EB0+523168]
	GetHandleVerifier [0x0090E207+552695]
	GetHandleVerifier [0x0090791A+525834]
	Ordinal0 [0x007FB82C+1095724]
	Ordinal0 [0x0080636B+1139563]
	Ordinal0 [0x008064D3+1139923]
	Ordinal0 [0x00805455+1135701]
	BaseThreadInitThunk [0x76F36359+25]
	RtlGetAppContainerNamedObjectPath [0x77BE7B74+228]
	RtlGetAppContainerNamedObjectPath [0x77BE7B44+180]

	at sun.reflect.NativeConstructorAccessorImpl.newInstance0(Native Method)
	at sun.reflect.NativeConstructorAccessorImpl.newInstance(NativeConstructorAccessorImpl.java:62)
	at sun.reflect.DelegatingConstructorAccessorImpl.newInstance(DelegatingConstructorAccessorImpl.java:45)
	at java.lang.reflect.Constructor.newInstance(Constructor.java:423)
	at org.openqa.selenium.remote.W3CHandshakeResponse.lambda$errorHandler$0(W3CHandshakeResponse.java:62)
	at org.openqa.selenium.remote.HandshakeResponse.lambda$getResponseFunction$0(HandshakeResponse.java:30)
	at org.openqa.selenium.remote.ProtocolHandshake.lambda$createSession$0(ProtocolHandshake.java:126)
	at java.util.stream.ReferencePipeline$3$1.accept(ReferencePipeline.java:193)
	at java.util.Spliterators$ArraySpliterator.tryAdvance(Spliterators.java:958)
	at java.util.stream.ReferencePipeline.forEachWithCancel(ReferencePipeline.java:126)
	at java.util.stream.AbstractPipeline.copyIntoWithCancel(AbstractPipeline.java:499)
	at java.util.stream.AbstractPipeline.copyInto(AbstractPipeline.java:486)
	at java.util.stream.AbstractPipeline.wrapAndCopyInto(AbstractPipeline.java:472)
	at java.util.stream.FindOps$FindOp.evaluateSequential(FindOps.java:152)
	at java.util.stream.AbstractPipeline.evaluate(AbstractPipeline.java:234)
	at java.util.stream.ReferencePipeline.findFirst(ReferencePipeline.java:464)
	at org.openqa.selenium.remote.ProtocolHandshake.createSession(ProtocolHandshake.java:128)
	at org.openqa.selenium.remote.ProtocolHandshake.createSession(ProtocolHandshake.java:74)
	at org.openqa.selenium.remote.HttpCommandExecutor.execute(HttpCommandExecutor.java:136)
	at org.openqa.selenium.remote.service.DriverCommandExecutor.execute(DriverCommandExecutor.java:83)
	at org.openqa.selenium.remote.RemoteWebDriver.execute(RemoteWebDriver.java:552)
	at org.openqa.selenium.remote.RemoteWebDriver.startSession(RemoteWebDriver.java:213)
	at org.openqa.selenium.remote.RemoteWebDriver.<init>(RemoteWebDriver.java:131)
	at org.openqa.selenium.chrome.ChromeDriver.<init>(ChromeDriver.java:181)
	at org.openqa.selenium.chrome.ChromeDriver.<init>(ChromeDriver.java:168)
	at org.openqa.selenium.chrome.ChromeDriver.<init>(ChromeDriver.java:123)
	at com.crm.qa.base.TestBase.initialization(TestBase.java:65)
	at com.crm.qa.test.HomePageTest.setUp(HomePageTest.java:30)
	at sun.reflect.NativeMethodAccessorImpl.invoke0(Native Method)
	at sun.reflect.NativeMethodAccessorImpl.invoke(NativeMethodAccessorImpl.java:62)
	at sun.reflect.DelegatingMethodAccessorImpl.invoke(DelegatingMethodAccessorImpl.java:43)
	at java.lang.reflect.Method.invoke(Method.java:498)
	at org.testng.internal.MethodInvocationHelper.invokeMethod(MethodInvocationHelper.java:86)
	at org.testng.internal.Invoker.invokeConfigurationMethod(Invoker.java:514)
	at org.testng.internal.Invoker.invokeConfigurations(Invoker.java:215)
	at org.testng.internal.Invoker.invokeMethod(Invoker.java:589)
	at org.testng.internal.Invoker.invokeTestMethod(Invoker.java:820)
	at org.testng.internal.Invoker.invokeTestMethods(Invoker.java:1128)
	at org.testng.internal.TestMethodWorker.invokeTestMethods(TestMethodWorker.java:129)
	at org.testng.internal.TestMethodWorker.run(TestMethodWorker.java:112)
	at org.testng.TestRunner.privateRun(TestRunner.java:782)
	at org.testng.TestRunner.run(TestRunner.java:632)
	at org.testng.SuiteRunner.runTest(SuiteRunner.java:366)
	at org.testng.SuiteRunner.runSequentially(SuiteRunner.java:361)
	at org.testng.SuiteRunner.privateRun(SuiteRunner.java:319)
	at org.testng.SuiteRunner.run(SuiteRunner.java:268)
	at org.testng.SuiteRunnerWorker.runSuite(SuiteRunnerWorker.java:52)
	at org.testng.SuiteRunnerWorker.run(SuiteRunnerWorker.java:86)
	at org.testng.TestNG.runSuitesSequentially(TestNG.java:1244)
	at org.testng.TestNG.runSuitesLocally(TestNG.java:1169)
	at org.testng.TestNG.run(TestNG.java:1064)
	at org.apache.maven.surefire.testng.TestNGExecutor.run(TestNGExecutor.java:77)
	at org.apache.maven.surefire.testng.TestNGDirectoryTestSuite.executeMulti(TestNGDirectoryTestSuite.java:159)
	at org.apache.maven.surefire.testng.TestNGDirectoryTestSuite.execute(TestNGDirectoryTestSuite.java:99)
	at org.apache.maven.surefire.testng.TestNGProvider.invoke(TestNGProvider.java:106)
	at sun.reflect.NativeMethodAccessorImpl.invoke0(Native Method)
	at sun.reflect.NativeMethodAccessorImpl.invoke(NativeMethodAccessorImpl.java:62)
	at sun.reflect.DelegatingMethodAccessorImpl.invoke(DelegatingMethodAccessorImpl.java:43)
	at java.lang.reflect.Method.invoke(Method.java:498)
	at org.apache.maven.surefire.util.ReflectionUtils.invokeMethodWithArray(ReflectionUtils.java:189)
	at org.apache.maven.surefire.booter.ProviderFactory$ProviderProxy.invoke(ProviderFactory.java:165)
	at org.apache.maven.surefire.booter.ProviderFactory.invokeProvider(ProviderFactory.java:85)
	at org.apache.maven.surefire.booter.ForkedBooter.runSuitesInProcess(ForkedBooter.java:115)
	at org.apache.maven.surefire.booter.ForkedBooter.main(ForkedBooter.java:75)
]]>
            </full-stacktrace>
          </exception> <!-- org.openqa.selenium.SessionNotCreatedException -->
          <reporter-output>
          </reporter-output>
        </test-method> <!-- setUp -->
        <test-method status="SKIP" signature="verifyHomePageTitle()[pri:1, instance:com.crm.qa.test.HomePageTest@2ef9b8bc]" name="verifyHomePageTitle" duration-ms="0" started-at="2020-03-14T15:20:59Z" finished-at="2020-03-14T15:20:59Z">
          <reporter-output>
          </reporter-output>
        </test-method> <!-- verifyHomePageTitle -->
        <test-method status="SKIP" signature="tearDown()[pri:0, instance:com.crm.qa.test.HomePageTest@2ef9b8bc]" name="tearDown" is-config="true" duration-ms="0" started-at="2020-03-14T15:20:59Z" finished-at="2020-03-14T15:20:59Z">
          <reporter-output>
          </reporter-output>
        </test-method> <!-- tearDown -->
        <test-method status="SKIP" signature="setUp()[pri:0, instance:com.crm.qa.test.HomePageTest@2ef9b8bc]" name="setUp" is-config="true" duration-ms="0" started-at="2020-03-14T15:21:01Z" finished-at="2020-03-14T15:21:01Z">
          <reporter-output>
          </reporter-output>
        </test-method> <!-- setUp -->
        <test-method status="SKIP" signature="verifyUserNameTest()[pri:2, instance:com.crm.qa.test.HomePageTest@2ef9b8bc]" name="verifyUserNameTest" duration-ms="4" started-at="2020-03-14T15:21:01Z" finished-at="2020-03-14T15:21:01Z">
          <reporter-output>
          </reporter-output>
        </test-method> <!-- verifyUserNameTest -->
        <test-method status="SKIP" signature="setUp()[pri:0, instance:com.crm.qa.test.HomePageTest@2ef9b8bc]" name="setUp" is-config="true" duration-ms="4" started-at="2020-03-14T15:21:01Z" finished-at="2020-03-14T15:21:01Z">
          <reporter-output>
          </reporter-output>
        </test-method> <!-- setUp -->
        <test-method status="SKIP" signature="tearDown()[pri:0, instance:com.crm.qa.test.HomePageTest@2ef9b8bc]" name="tearDown" is-config="true" duration-ms="0" started-at="2020-03-14T15:21:01Z" finished-at="2020-03-14T15:21:01Z">
          <reporter-output>
          </reporter-output>
        </test-method> <!-- tearDown -->
        <test-method status="SKIP" signature="tearDown()[pri:0, instance:com.crm.qa.test.HomePageTest@2ef9b8bc]" name="tearDown" is-config="true" duration-ms="0" started-at="2020-03-14T15:21:01Z" finished-at="2020-03-14T15:21:01Z">
          <reporter-output>
          </reporter-output>
        </test-method> <!-- tearDown -->
        <test-method status="SKIP" signature="verifyContactslinkTest()[pri:3, instance:com.crm.qa.test.HomePageTest@2ef9b8bc]" name="verifyContactslinkTest" duration-ms="0" started-at="2020-03-14T15:21:01Z" finished-at="2020-03-14T15:21:01Z">
          <reporter-output>
          </reporter-output>
        </test-method> <!-- verifyContactslinkTest -->
      </class> <!-- com.crm.qa.test.HomePageTest -->
      <class name="com.crm.qa.test.ContactsPageTest">
        <test-method status="FAIL" signature="setUp()[pri:0, instance:com.crm.qa.test.ContactsPageTest@5315b42e]" name="setUp" is-config="true" duration-ms="0" started-at="2020-03-14T15:20:55Z" finished-at="2020-03-14T15:20:55Z">
          <exception class="org.openqa.selenium.SessionNotCreatedException">
            <message>
              <![CDATA[session not created: This version of ChromeDriver only supports Chrome version 78
Build info: version: '3.141.59', revision: 'e82be7d358', time: '2018-11-14T08:17:03'
System info: host: 'DESKTOP-KU574QB', ip: '192.168.1.164', os.name: 'Windows 10', os.arch: 'amd64', os.version: '10.0', java.version: '1.8.0_231'
Driver info: driver.version: ChromeDriver
remote stacktrace: Backtrace:
	Ordinal0 [0x0086A923+1550627]
	Ordinal0 [0x007EA731+1025841]
	Ordinal0 [0x0076C715+509717]
	Ordinal0 [0x006FFC68+64616]
	Ordinal0 [0x006FC594+50580]
	Ordinal0 [0x0071ACE7+175335]
	Ordinal0 [0x0071A8ED+174317]
	Ordinal0 [0x00718CDB+167131]
	Ordinal0 [0x0070144A+70730]
	Ordinal0 [0x007024D0+74960]
	Ordinal0 [0x00702469+74857]
	Ordinal0 [0x008042F7+1131255]
	GetHandleVerifier [0x0090711D+523789]
	GetHandleVerifier [0x00906EB0+523168]
	GetHandleVerifier [0x0090E207+552695]
	GetHandleVerifier [0x0090791A+525834]
	Ordinal0 [0x007FB82C+1095724]
	Ordinal0 [0x0080636B+1139563]
	Ordinal0 [0x008064D3+1139923]
	Ordinal0 [0x00805455+1135701]
	BaseThreadInitThunk [0x76F36359+25]
	RtlGetAppContainerNamedObjectPath [0x77BE7B74+228]
	RtlGetAppContainerNamedObjectPath [0x77BE7B44+180]
]]>
            </message>
            <full-stacktrace>
              <![CDATA[org.openqa.selenium.SessionNotCreatedException: session not created: This version of ChromeDriver only supports Chrome version 78
Build info: version: '3.141.59', revision: 'e82be7d358', time: '2018-11-14T08:17:03'
System info: host: 'DESKTOP-KU574QB', ip: '192.168.1.164', os.name: 'Windows 10', os.arch: 'amd64', os.version: '10.0', java.version: '1.8.0_231'
Driver info: driver.version: ChromeDriver
remote stacktrace: Backtrace:
	Ordinal0 [0x0086A923+1550627]
	Ordinal0 [0x007EA731+1025841]
	Ordinal0 [0x0076C715+509717]
	Ordinal0 [0x006FFC68+64616]
	Ordinal0 [0x006FC594+50580]
	Ordinal0 [0x0071ACE7+175335]
	Ordinal0 [0x0071A8ED+174317]
	Ordinal0 [0x00718CDB+167131]
	Ordinal0 [0x0070144A+70730]
	Ordinal0 [0x007024D0+74960]
	Ordinal0 [0x00702469+74857]
	Ordinal0 [0x008042F7+1131255]
	GetHandleVerifier [0x0090711D+523789]
	GetHandleVerifier [0x00906EB0+523168]
	GetHandleVerifier [0x0090E207+552695]
	GetHandleVerifier [0x0090791A+525834]
	Ordinal0 [0x007FB82C+1095724]
	Ordinal0 [0x0080636B+1139563]
	Ordinal0 [0x008064D3+1139923]
	Ordinal0 [0x00805455+1135701]
	BaseThreadInitThunk [0x76F36359+25]
	RtlGetAppContainerNamedObjectPath [0x77BE7B74+228]
	RtlGetAppContainerNamedObjectPath [0x77BE7B44+180]

	at sun.reflect.NativeConstructorAccessorImpl.newInstance0(Native Method)
	at sun.reflect.NativeConstructorAccessorImpl.newInstance(NativeConstructorAccessorImpl.java:62)
	at sun.reflect.DelegatingConstructorAccessorImpl.newInstance(DelegatingConstructorAccessorImpl.java:45)
	at java.lang.reflect.Constructor.newInstance(Constructor.java:423)
	at org.openqa.selenium.remote.W3CHandshakeResponse.lambda$errorHandler$0(W3CHandshakeResponse.java:62)
	at org.openqa.selenium.remote.HandshakeResponse.lambda$getResponseFunction$0(HandshakeResponse.java:30)
	at org.openqa.selenium.remote.ProtocolHandshake.lambda$createSession$0(ProtocolHandshake.java:126)
	at java.util.stream.ReferencePipeline$3$1.accept(ReferencePipeline.java:193)
	at java.util.Spliterators$ArraySpliterator.tryAdvance(Spliterators.java:958)
	at java.util.stream.ReferencePipeline.forEachWithCancel(ReferencePipeline.java:126)
	at java.util.stream.AbstractPipeline.copyIntoWithCancel(AbstractPipeline.java:499)
	at java.util.stream.AbstractPipeline.copyInto(AbstractPipeline.java:486)
	at java.util.stream.AbstractPipeline.wrapAndCopyInto(AbstractPipeline.java:472)
	at java.util.stream.FindOps$FindOp.evaluateSequential(FindOps.java:152)
	at java.util.stream.AbstractPipeline.evaluate(AbstractPipeline.java:234)
	at java.util.stream.ReferencePipeline.findFirst(ReferencePipeline.java:464)
	at org.openqa.selenium.remote.ProtocolHandshake.createSession(ProtocolHandshake.java:128)
	at org.openqa.selenium.remote.ProtocolHandshake.createSession(ProtocolHandshake.java:74)
	at org.openqa.selenium.remote.HttpCommandExecutor.execute(HttpCommandExecutor.java:136)
	at org.openqa.selenium.remote.service.DriverCommandExecutor.execute(DriverCommandExecutor.java:83)
	at org.openqa.selenium.remote.RemoteWebDriver.execute(RemoteWebDriver.java:552)
	at org.openqa.selenium.remote.RemoteWebDriver.startSession(RemoteWebDriver.java:213)
	at org.openqa.selenium.remote.RemoteWebDriver.<init>(RemoteWebDriver.java:131)
	at org.openqa.selenium.chrome.ChromeDriver.<init>(ChromeDriver.java:181)
	at org.openqa.selenium.chrome.ChromeDriver.<init>(ChromeDriver.java:168)
	at org.openqa.selenium.chrome.ChromeDriver.<init>(ChromeDriver.java:123)
	at com.crm.qa.base.TestBase.initialization(TestBase.java:65)
	at com.crm.qa.test.ContactsPageTest.setUp(ContactsPageTest.java:32)
	at sun.reflect.NativeMethodAccessorImpl.invoke0(Native Method)
	at sun.reflect.NativeMethodAccessorImpl.invoke(NativeMethodAccessorImpl.java:62)
	at sun.reflect.DelegatingMethodAccessorImpl.invoke(DelegatingMethodAccessorImpl.java:43)
	at java.lang.reflect.Method.invoke(Method.java:498)
	at org.testng.internal.MethodInvocationHelper.invokeMethod(MethodInvocationHelper.java:86)
	at org.testng.internal.Invoker.invokeConfigurationMethod(Invoker.java:514)
	at org.testng.internal.Invoker.invokeConfigurations(Invoker.java:215)
	at org.testng.internal.Invoker.invokeMethod(Invoker.java:589)
	at org.testng.internal.Invoker.invokeTestMethod(Invoker.java:820)
	at org.testng.internal.Invoker.invokeTestMethods(Invoker.java:1128)
	at org.testng.internal.TestMethodWorker.invokeTestMethods(TestMethodWorker.java:129)
	at org.testng.internal.TestMethodWorker.run(TestMethodWorker.java:112)
	at org.testng.TestRunner.privateRun(TestRunner.java:782)
	at org.testng.TestRunner.run(TestRunner.java:632)
	at org.testng.SuiteRunner.runTest(SuiteRunner.java:366)
	at org.testng.SuiteRunner.runSequentially(SuiteRunner.java:361)
	at org.testng.SuiteRunner.privateRun(SuiteRunner.java:319)
	at org.testng.SuiteRunner.run(SuiteRunner.java:268)
	at org.testng.SuiteRunnerWorker.runSuite(SuiteRunnerWorker.java:52)
	at org.testng.SuiteRunnerWorker.run(SuiteRunnerWorker.java:86)
	at org.testng.TestNG.runSuitesSequentially(TestNG.java:1244)
	at org.testng.TestNG.runSuitesLocally(TestNG.java:1169)
	at org.testng.TestNG.run(TestNG.java:1064)
	at org.apache.maven.surefire.testng.TestNGExecutor.run(TestNGExecutor.java:77)
	at org.apache.maven.surefire.testng.TestNGDirectoryTestSuite.executeMulti(TestNGDirectoryTestSuite.java:159)
	at org.apache.maven.surefire.testng.TestNGDirectoryTestSuite.execute(TestNGDirectoryTestSuite.java:99)
	at org.apache.maven.surefire.testng.TestNGProvider.invoke(TestNGProvider.java:106)
	at sun.reflect.NativeMethodAccessorImpl.invoke0(Native Method)
	at sun.reflect.NativeMethodAccessorImpl.invoke(NativeMethodAccessorImpl.java:62)
	at sun.reflect.DelegatingMethodAccessorImpl.invoke(DelegatingMethodAccessorImpl.java:43)
	at java.lang.reflect.Method.invoke(Method.java:498)
	at org.apache.maven.surefire.util.ReflectionUtils.invokeMethodWithArray(ReflectionUtils.java:189)
	at org.apache.maven.surefire.booter.ProviderFactory$ProviderProxy.invoke(ProviderFactory.java:165)
	at org.apache.maven.surefire.booter.ProviderFactory.invokeProvider(ProviderFactory.java:85)
	at org.apache.maven.surefire.booter.ForkedBooter.runSuitesInProcess(ForkedBooter.java:115)
	at org.apache.maven.surefire.booter.ForkedBooter.main(ForkedBooter.java:75)
]]>
            </full-stacktrace>
          </exception> <!-- org.openqa.selenium.SessionNotCreatedException -->
          <reporter-output>
          </reporter-output>
        </test-method> <!-- setUp -->
        <test-method status="SKIP" signature="verifyContactsLabel()[pri:1, instance:com.crm.qa.test.ContactsPageTest@5315b42e]" name="verifyContactsLabel" duration-ms="4" started-at="2020-03-14T15:20:58Z" finished-at="2020-03-14T15:20:58Z">
          <reporter-output>
          </reporter-output>
        </test-method> <!-- verifyContactsLabel -->
        <test-method status="SKIP" signature="tearDown()[pri:0, instance:com.crm.qa.test.ContactsPageTest@5315b42e]" name="tearDown" is-config="true" duration-ms="0" started-at="2020-03-14T15:20:58Z" finished-at="2020-03-14T15:20:58Z">
          <reporter-output>
          </reporter-output>
        </test-method> <!-- tearDown -->
        <test-method status="SKIP" signature="setUp()[pri:0, instance:com.crm.qa.test.ContactsPageTest@5315b42e]" name="setUp" is-config="true" duration-ms="0" started-at="2020-03-14T15:21:01Z" finished-at="2020-03-14T15:21:01Z">
          <reporter-output>
          </reporter-output>
        </test-method> <!-- setUp -->
        <test-method status="SKIP" signature="selectSingleContactsByNameTest()[pri:2, instance:com.crm.qa.test.ContactsPageTest@5315b42e]" name="selectSingleContactsByNameTest" duration-ms="0" started-at="2020-03-14T15:21:01Z" finished-at="2020-03-14T15:21:01Z">
          <reporter-output>
          </reporter-output>
        </test-method> <!-- selectSingleContactsByNameTest -->
        <test-method status="SKIP" signature="tearDown()[pri:0, instance:com.crm.qa.test.ContactsPageTest@5315b42e]" name="tearDown" is-config="true" duration-ms="0" started-at="2020-03-14T15:21:01Z" finished-at="2020-03-14T15:21:01Z">
          <reporter-output>
          </reporter-output>
        </test-method> <!-- tearDown -->
        <test-method status="SKIP" signature="setUp()[pri:0, instance:com.crm.qa.test.ContactsPageTest@5315b42e]" name="setUp" is-config="true" duration-ms="0" started-at="2020-03-14T15:21:01Z" finished-at="2020-03-14T15:21:01Z">
          <reporter-output>
          </reporter-output>
        </test-method> <!-- setUp -->
        <test-method status="SKIP" signature="tearDown()[pri:0, instance:com.crm.qa.test.ContactsPageTest@5315b42e]" name="tearDown" is-config="true" duration-ms="0" started-at="2020-03-14T15:21:01Z" finished-at="2020-03-14T15:21:01Z">
          <reporter-output>
          </reporter-output>
        </test-method> <!-- tearDown -->
        <test-method status="SKIP" signature="selectMultipleContactsByNameTest()[pri:3, instance:com.crm.qa.test.ContactsPageTest@5315b42e]" name="selectMultipleContactsByNameTest" duration-ms="0" started-at="2020-03-14T15:21:01Z" finished-at="2020-03-14T15:21:01Z">
          <reporter-output>
          </reporter-output>
        </test-method> <!-- selectMultipleContactsByNameTest -->
        <test-method status="SKIP" signature="tearDown()[pri:0, instance:com.crm.qa.test.ContactsPageTest@5315b42e]" name="tearDown" is-config="true" duration-ms="0" started-at="2020-03-14T15:21:02Z" finished-at="2020-03-14T15:21:02Z">
          <reporter-output>
          </reporter-output>
        </test-method> <!-- tearDown -->
        <test-method status="SKIP" signature="validateCreateNewContact(java.lang.String, java.lang.String, java.lang.String, java.lang.String)[pri:4, instance:com.crm.qa.test.ContactsPageTest@5315b42e]" name="validateCreateNewContact" duration-ms="0" started-at="2020-03-14T15:21:02Z" data-provider="getCRMTestData" finished-at="2020-03-14T15:21:02Z">
          <params>
            <param index="0">
              <value>
                <![CDATA[Mr.]]>
              </value>
            </param>
            <param index="1">
              <value>
                <![CDATA[Tom]]>
              </value>
            </param>
            <param index="2">
              <value>
                <![CDATA[Peter]]>
              </value>
            </param>
            <param index="3">
              <value>
                <![CDATA[Google]]>
              </value>
            </param>
          </params>
          <reporter-output>
          </reporter-output>
        </test-method> <!-- validateCreateNewContact -->
        <test-method status="SKIP" signature="validateCreateNewContact(java.lang.String, java.lang.String, java.lang.String, java.lang.String)[pri:4, instance:com.crm.qa.test.ContactsPageTest@5315b42e]" name="validateCreateNewContact" duration-ms="0" started-at="2020-03-14T15:21:02Z" data-provider="getCRMTestData" finished-at="2020-03-14T15:21:02Z">
          <params>
            <param index="0">
              <value>
                <![CDATA[Dr.]]>
              </value>
            </param>
            <param index="1">
              <value>
                <![CDATA[David]]>
              </value>
            </param>
            <param index="2">
              <value>
                <![CDATA[Chrish]]>
              </value>
            </param>
            <param index="3">
              <value>
                <![CDATA[Amazon]]>
              </value>
            </param>
          </params>
          <reporter-output>
          </reporter-output>
        </test-method> <!-- validateCreateNewContact -->
        <test-method status="SKIP" signature="setUp()[pri:0, instance:com.crm.qa.test.ContactsPageTest@5315b42e]" name="setUp" is-config="true" duration-ms="0" started-at="2020-03-14T15:21:02Z" finished-at="2020-03-14T15:21:02Z">
          <reporter-output>
          </reporter-output>
        </test-method> <!-- setUp -->
        <test-method status="SKIP" signature="validateCreateNewContact(java.lang.String, java.lang.String, java.lang.String, java.lang.String)[pri:4, instance:com.crm.qa.test.ContactsPageTest@5315b42e]" name="validateCreateNewContact" duration-ms="0" started-at="2020-03-14T15:21:02Z" data-provider="getCRMTestData" finished-at="2020-03-14T15:21:02Z">
          <params>
            <param index="0">
              <value>
                <![CDATA[Mrs.]]>
              </value>
            </param>
            <param index="1">
              <value>
                <![CDATA[Varsha]]>
              </value>
            </param>
            <param index="2">
              <value>
                <![CDATA[Sholshe]]>
              </value>
            </param>
            <param index="3">
              <value>
                <![CDATA[Ebay]]>
              </value>
            </param>
          </params>
          <reporter-output>
          </reporter-output>
        </test-method> <!-- validateCreateNewContact -->
        <test-method status="SKIP" signature="tearDown()[pri:0, instance:com.crm.qa.test.ContactsPageTest@5315b42e]" name="tearDown" is-config="true" duration-ms="0" started-at="2020-03-14T15:21:02Z" finished-at="2020-03-14T15:21:02Z">
          <reporter-output>
          </reporter-output>
        </test-method> <!-- tearDown -->
        <test-method status="SKIP" signature="setUp()[pri:0, instance:com.crm.qa.test.ContactsPageTest@5315b42e]" name="setUp" is-config="true" duration-ms="0" started-at="2020-03-14T15:21:02Z" finished-at="2020-03-14T15:21:02Z">
          <reporter-output>
          </reporter-output>
        </test-method> <!-- setUp -->
        <test-method status="SKIP" signature="setUp()[pri:0, instance:com.crm.qa.test.ContactsPageTest@5315b42e]" name="setUp" is-config="true" duration-ms="0" started-at="2020-03-14T15:21:02Z" finished-at="2020-03-14T15:21:02Z">
          <reporter-output>
          </reporter-output>
        </test-method> <!-- setUp -->
        <test-method status="SKIP" signature="tearDown()[pri:0, instance:com.crm.qa.test.ContactsPageTest@5315b42e]" name="tearDown" is-config="true" duration-ms="0" started-at="2020-03-14T15:21:02Z" finished-at="2020-03-14T15:21:02Z">
          <reporter-output>
          </reporter-output>
        </test-method> <!-- tearDown -->
      </class> <!-- com.crm.qa.test.ContactsPageTest -->
    </test> <!-- Command line test -->
  </suite> <!-- Command line suite -->
</testng-results>
