<?xml version="1.0" encoding="UTF-8"?>
<!-- Generated by org.testng.reporters.JUnitXMLReporter -->
<testsuite hostname="DESKTOP-KU574QB" name="Test" tests="7" failures="1" timestamp="15 Mar 2020 23:25:34 GMT" time="0.112" errors="0">
  <testcase name="method1" time="0.007" classname="Test.ParameterAnnotationTestNG"/>
  <testcase name="test1" time="0.011" classname="Test.softAssert1">
    <failure type="java.lang.AssertionError" message="The following asserts failed:
	expected [true] but found [false],
	expected [false] but found [true],
	expected [Failed] but found [Sample]">
      <![CDATA[java.lang.AssertionError: The following asserts failed:
	expected [true] but found [false],
	expected [false] but found [true],
	expected [Failed] but found [Sample]
	at Test.softAssert1.test1(softAssert1.java:20)
... Removed 25 stack frames]]>
    </failure>
  </testcase> <!-- test1 -->
  <testcase name="calcuate" time="0.003" classname="Test.dataProvider"/>
  <testcase name="test1" time="0.004" classname="Test.HardAssert"/>
  <testcase name="test2" time="0.004" classname="Test.HardAssert"/>
  <testcase name="method2" time="0.003" classname="Test.ParameterAnnotationTestNG"/>
  <testcase name="method3" time="0.001" classname="Test.ParameterAnnotationTestNG"/>
</testsuite> <!-- Test -->
